On Sat May 13 05:47:45 2000, saving version 1.1 (spider)
On Mon May 15 00:07:23 2000, saving version 1.2 (spider)
On Fri May 19 19:28:41 2000, saving version 1.3 (node1.beowulf.gtm)
On Sun May 21 22:59:39 2000, saving version 1.3 (spider)
On Wed May 24 09:49:30 2000, saving version 1.4 (node1.beowulf.gtm)
On Wed May 24 13:21:03 2000, saving version 1.5 (node1.beowulf.gtm)
On Thu May 25 18:24:12 2000, saving version 1.4 (spider)
On Fri May 26 08:36:02 2000, saving version 1.6 (spider)
On Sat May 27 10:15:05 2000, saving version 1.7 (spider)
On Sat May 27 11:31:52 2000, saving version 1.8 (spider)
On Sat May 27 17:10:41 2000, saving version 1.9 (spider)
On Sun May 28 22:45:06 2000, saving version 1.10 (spider)
On Sun Jun  4 22:35:06 2000, saving version 1.11 (spider)
On Sun Jun 11 21:36:42 2000, saving version 1.12 (spider)
On Mon Jun 12 23:51:35 2000, saving version 1.14 (spider)
On Tue Jun 13 09:24:30 2000, saving version 1.7 (node1.beowulf.gtm)
On Tue Jun 13 23:00:41 2000, saving version 1.15 (spider)
On Wed Jun 14 19:07:44 2000, saving version 1.8 (node1.beowulf.gtm)
On Thu Jun 22 21:32:31 2000, saving version 1.17 (spider)
On Thu Jun 22 23:21:09 2000, saving version 1.18 (spider)
On Mon Jun 26 23:54:26 2000, saving version 1.20 (spider)
On Tue Jun 27 20:43:45 2000, saving version 1.22 (spider)
On Wed Jun 28 17:58:54 2000, saving version 1.13 (node1.beowulf.gtm)
On Thu Jun 29 20:21:15 2000, saving version 1.15 (node1.beowulf.gtm)
On Fri Jun 30 22:03:43 2000, saving version 1.25 (localhost.localdomain)
On Sat Jul  1 00:14:32 2000, saving version 1.26 (localhost.localdomain)
On Sat Jul  1 20:35:31 2000, saving version 1.27 (localhost.localdomain)
On Sun Jul  2 09:18:30 2000, saving version 1.27 (localhost.localdomain)
On Sun Jul  2 13:24:27 2000, saving version 1.28 (localhost.localdomain)
On Sun Jul  2 20:07:56 2000, saving version 1.29 (localhost.localdomain)
On Sun Jul  2 20:36:26 2000, saving version 1.30 (localhost.localdomain)
On Sun Jul  2 21:04:57 2000, saving version 1.31 (localhost.localdomain)
On Sun Jul  2 22:48:40 2000, saving version 1.32 (localhost.localdomain)
On Tue Jul  4 12:51:06 2000, saving version 1.17 (node1.beowulf.gtm)
On Tue Jul  4 18:12:25 2000, saving version 1.18 (node1.beowulf.gtm)
On Wed Jul  5 11:45:26 2000, saving version 1.19 (node1.beowulf.gtm)
On Wed Jul  5 20:53:50 2000, saving version 1.34 (localhost.localdomain)
On Wed Jul  5 22:56:55 2000, saving version 1.35 (localhost.localdomain)
On Thu Jul  6 09:17:43 2000, saving version 1.22 (node1.beowulf.gtm)
On Thu Jul  6 12:56:22 2000, saving version 1.23 (node1.beowulf.gtm)
On Thu Jul  6 23:59:10 2000, saving version 1.37 (localhost.localdomain)
On Fri Jul  7 10:19:30 2000, saving version 1.25 (node1.beowulf.gtm)
On Fri Jul  7 10:46:37 2000, saving version 1.26 (node1.beowulf.gtm)
On Fri Jul  7 11:22:15 2000, saving version 1.27 (node1.beowulf.gtm)
On Fri Jul  7 14:43:41 2000, saving version 1.38 (localhost.localdomain)
On Sat Jul  8 07:48:08 2000, saving version 1.39 (localhost.localdomain)
On Sat Jul  8 18:09:18 2000, saving version 1.40 (localhost.localdomain)
On Sat Jul  8 18:21:13 2000, saving version 1.41 (localhost.localdomain)
On Sun Jul  9 00:13:58 2000, saving version 1.42 (localhost.localdomain)
On Sun Jul  9 11:34:48 2000, saving version 1.43 (localhost.localdomain)
On Mon Jul 10 13:30:59 2000, saving version 1.29 (node1.beowulf.gtm)
On Wed Jul 12 06:08:55 2000, saving version 1.46 (localhost.localdomain)
On Wed Jul 12 06:47:38 2000, saving version 1.47 (localhost.localdomain)
On Fri Jul 14 08:47:54 2000, saving version 1.33 (node1.beowulf.gtm)
On Fri Jul 14 13:20:04 2000, saving version 1.34 (node1.beowulf.gtm)
On Fri Jul 14 18:37:45 2000, saving version 1.35 (node1.beowulf.gtm)
On Fri Jul 14 19:48:29 2000, saving version 1.50 (localhost.localdomain)
On Sat Jul 15 14:27:22 2000, saving version 1.51 (localhost.localdomain)
On Sun Jul 16 12:33:21 2000, saving version 1.52 (localhost.localdomain)
On Sun Jul 16 19:56:43 2000, saving version 1.53 (localhost.localdomain)
On Sun Jul 16 20:53:36 2000, saving version 1.54 (localhost.localdomain)
On Mon Jul 17 09:02:14 2000, saving version 1.37 (node1.beowulf.gtm)
On Mon Jul 17 11:47:27 2000, saving version 1.38 (node1.beowulf.gtm)
On Wed Jul 19 09:03:56 2000, saving version 1.39 (node1.beowulf.gtm)
On Wed Jul 19 09:12:57 2000, saving version 1.40 (node1.beowulf.gtm)
On Wed Jul 19 09:46:33 2000, saving version 1.41 (node1.beowulf.gtm)
On Wed Jul 19 10:01:50 2000, saving version 1.42 (node1.beowulf.gtm)
On Fri Jul 21 12:32:04 2000, saving version 1.43 (node1.beowulf.gtm)
On Sat Jul 22 00:21:11 2000, saving version 1.56 (localhost.localdomain)
On Sat Jul 22 12:03:58 2000, saving version 1.57 (localhost.localdomain)
On Sat Jul 22 21:22:47 2000, saving version 1.58 (localhost.localdomain)
On Mon Jul 24 13:43:59 2000, saving version 1.45 (node1.beowulf.gtm)
On Wed Jul 26 20:02:04 2000, saving version 1.46 (node1.beowulf.gtm)
On Fri Jul 28 08:43:49 2000, saving version 1.48 (node1.beowulf.gtm)
On Fri Jul 28 11:03:48 2000, saving version 1.50 (node1.beowulf.gtm)
On Sat Jul 29 10:27:49 2000, saving version 1.61 (localhost.localdomain)
On Sat Jul 29 12:11:44 2000, saving version 1.62 (localhost.localdomain)
On Sun Jul 30 23:49:56 2000, saving version 1.63 (localhost.localdomain)
On Mon Jul 31 14:07:02 2000, saving version 1.52 (node1.beowulf.gtm)
On Mon Jul 31 20:48:08 2000, saving version 1.53 (node1.beowulf.gtm)
On Mon Aug  7 14:13:09 2000, saving version 1.54 (node1.beowulf.gtm)
On Tue Aug  8 12:42:17 2000, saving version 1.55 (node1.beowulf.gtm)
On Thu Aug 10 09:52:31 2000, saving version 1.58 (node1.beowulf.gtm)
On Fri Aug 11 19:35:53 2000, saving version 1.61 (node1.beowulf.gtm)
On Wed Aug 16 19:12:46 2000, saving version 1.62 (node1.beowulf.gtm)
On Tue Aug 22 17:31:09 2000, saving version 1.63 (node1.beowulf.gtm)
On Thu Aug 24 19:00:24 2000, saving version 1.65 (node1.beowulf.gtm)
On Sat Aug 26 18:25:42 2000, saving version 1.66 (localhost.localdomain)
On Mon Sep  4 09:12:24 2000, saving version 1.67 (node1.beowulf.gtm)
On Wed Sep  6 10:57:47 2000, saving version 1.68 (node1.beowulf.gtm)
On Thu Sep  7 14:16:43 2000, saving version 1.70 (node1.beowulf.gtm)
On Mon Sep 11 11:51:08 2000, saving version 1.72 (node1.beowulf.gtm)
On Mon Sep 11 20:43:04 2000, saving version 1.73 (node1.beowulf.gtm)
On Tue Sep 12 12:09:20 2000, saving version 1.74 (node1.beowulf.gtm)
On Tue Sep 12 12:30:16 2000, saving version 1.75 (node1.beowulf.gtm)
On Tue Sep 12 19:32:06 2000, saving version 1.76 (node1.beowulf.gtm)
On Wed Sep 13 19:11:49 2000, saving version 1.77 (node1.beowulf.gtm)
On Fri Sep 15 19:22:11 2000, saving version 1.78 (node1.beowulf.gtm)
On Fri Sep 15 22:48:02 2000, saving version 1.71 (localhost.localdomain)
On Sat Sep 16 15:08:10 2000, saving version 2.1 (localhost.localdomain)
On Mon Sep 18 12:57:20 2000, saving version 2.2 (localhost.localdomain)
On Tue Sep 19 18:22:20 2000, saving version 2.3 (node1.beowulf.gtm)
On Wed Sep 20 19:50:39 2000, saving version 2.4 (node1.beowulf.gtm)
On Sun Sep 24 19:00:55 2000, saving version 2.4 (localhost.localdomain)
On Mon Sep 25 13:06:24 2000, saving version 2.6 (node1.beowulf.gtm)
On Mon Sep 25 19:02:11 2000, saving version 2.7 (node1.beowulf.gtm)
On Mon Sep 25 21:12:38 2000, saving version 2.6 (localhost.localdomain)
On Tue Sep 26 08:34:27 2000, saving version 2.9 (node1.beowulf.gtm)
On Tue Sep 26 13:11:22 2000, saving version 2.10 (node1.beowulf.gtm)
On Tue Sep 26 13:39:59 2000, saving version 2.11 (node1.beowulf.gtm)
On Wed Sep 27 09:28:00 2000, saving version 2.12 (node1.beowulf.gtm)
On Wed Sep 27 14:17:04 2000, saving version 2.13 (node1.beowulf.gtm)
On Thu Sep 28 09:06:56 2000, saving version 2.8 (localhost.localdomain)
On Mon Oct  2 11:08:56 2000, saving version 2.16 (node1.beowulf.gtm)
On Tue Oct  3 13:33:23 2000, saving version 2.18 (node1.beowulf.gtm)
On Tue Oct  3 18:23:48 2000, saving version 2.19 (node1.beowulf.gtm)
On Wed Oct  4 19:32:36 2000, saving version 2.20 (node1.beowulf.gtm)
On Fri Oct  6 20:05:12 2000, saving version 2.21 (node1.beowulf.gtm)
On Mon Oct  9 19:48:39 2000, saving version 2.22 (node1.beowulf.gtm)
On Thu Oct 12 09:00:16 2000, saving version 2.23 (node1.beowulf.gtm)
On Wed Oct 18 12:27:18 2000, saving version 2.23 (node1.beowulf.gtm)
On Sun Oct 22 10:49:41 2000, saving version 2.14 (localhost.localdomain)
On Mon Oct 23 10:46:58 2000, saving version 2.26 (node1.beowulf.gtm)
On Tue Oct 24 12:05:17 2000, saving version 2.27 (node1.beowulf.gtm)
On Fri Oct 27 11:51:07 2000, saving version 2.28 (node1.beowulf.gtm)
On Fri Oct 27 20:23:44 2000, saving version 2.29 (node1.beowulf.gtm)
On Wed Nov  8 12:55:29 2000, saving version 2.31 (node1.beowulf.gtm)
On Sun Nov 12 18:25:52 2000, saving version 2.18 (localhost.localdomain)
On Tue Nov 14 10:17:59 2000, saving version 2.34 (node1.beowulf.gtm)
On Sun Dec 10 18:49:46 2000, saving version 2.21 (localhost.localdomain)
On Thu Dec 14 22:00:42 2000, saving version 2.22 (localhost.localdomain)
On Sun Dec 17 22:25:50 2000, saving version 2.23 (localhost.localdomain)
On Sun Dec 24 20:21:10 2000, saving version 2.24 (localhost.localdomain)
On Mon Dec 25 18:46:04 2000, saving version 2.25 (localhost.localdomain)
On Mon Dec 25 19:48:04 2000, saving version 2.26 (Mon Dec 25 19:48:04 2000 localhost.localdomain) (localhost.localdomain)
On Mon Dec 25 19:49:10 2000, saving version 2.27 (Mon Dec 25 19:49:10 2000 localhost.localdomain) (localhost.localdomain)
On Mon Dec 25 21:59:34 2000, saving version 2.28 (Mon Dec 25 21:59:34 2000 localhost.localdomain) (localhost.localdomain)
tag: beta-1.0
tag: beta-1.1
tag: beta-1.2
tag: beta-1.3
tag: beta-1.4
tag: beta-1.5
tag: beta-1.6
tag: beta-1.7 on Mon Jan  8 10:22:28 ARST 2001, by mstorti in minerva.arcride.edu.ar
tag: beta-1.8 on Tue Jan  9 14:10:18 ARST 2001, by mstorti in minerva.arcride.edu.ar
tag: beta-1.9 on Wed Jan 10 12:38:18 ARST 2001, by mstorti in minerva.arcride.edu.ar
---------
tag: beta-1.10 on Thu Jan 11 08:36:22 ARST 2001, by  mstorti in minerva.arcride.edu.ar
     > -- STABLE VERSION --
     > Improved the OOP in Elemset. 
     > Adapted to gcc 2.96.
     > Adapted tests to new versions.
----------
tag: beta-1.11 on Thu Jan 11 12:56:03 ARST 2001, by mstorti in minerva.arcride.edu.ar
     > -- STABLE VERSION -- 
     > Added two examples for advdif.
----------
tag: beta-1.12 on Thu Jan 11 18:59:14 ARST 2001, by mstorti in minerva.arcride.edu.ar
     > Improved options doc, mainly fixd bugs in odoc.pl
----------
tag: beta-1.13 on Mon Jan 15 08:51:15 ARST 2001, by mstorti in minerva.arcride.edu.ar
     > -- STABLE VERSION -- 
     > Written `make what' targets. Written a tool for this.
     > Added two tests for advdif.
     > Made some changes in order to compile older versions with egcs++.
----------
tag: beta-1.14 on Tue Jan 16 14:04:56 ARST 2001, by mstorti in minerva.arcride.edu.ar
     > Start working in a filter for LES
----------
tag: beta-1.15 on Fri Jan 19 09:56:58 ARST 2001, by mstorti in minerva.arcride.edu.ar
     > Now I will work on the cache_grad_div_u feature. I will make a branch
     > for this called `cache_gdu'.
----------
tag: beta-1.16 on Fri Jan 19 18:47:49 ARST 2001, by mstorti in spider
     > Merged cache-gdu-fixed with sttfilter
----------
tag: beta-1.17 on Sat Jan 20 07:24:34 ARST 2001, by mstorti in spider
     > QUASI STABLE
     > [Only problems with adv, which gives SISGSEGV always]
----------
tag: beta-1.18 on Sat Jan 20 09:26:32 ARST 2001, by mstorti in spider
     > -- STABLE VERSION -- 
     > Fixed a problem related with the Newmat library in spider.
